Using pre-set license
Built from '2020.3/staging' branch; Version is '2020.3.8f1 (507919d4fff5) revision 5273881'; Using compiler version '192528614'; Build Type 'Release'
OS: 'Windows 10 Enterprise LTSC 2019; OS build 17763.1935; Version 1809; 64bit' Language: 'ru' Physical Memory: 8136 MB
BatchMode: 1, IsHumanControllingUs: 0, StartBugReporterOnCrash: 0, Is64bit: 1, IsPro: 0

 COMMAND LINE ARGUMENTS:
C:\Program Files\Unity\Hub\Editor\2020.3.8f1\Editor\Unity.exe
-adb2
-batchMode
-noUpm
-name
AssetImportWorker0
-projectPath
C:/Users/Jack Rayder/Desktop/CardGame/CardGame
-logFile
Logs/AssetImportWorker0.log
-srvPort
63168
Successfully changed project path to: C:/Users/Jack Rayder/Desktop/CardGame/CardGame
C:/Users/Jack Rayder/Desktop/CardGame/CardGame
Using Asset Import Pipeline V2.
Refreshing native plugins compatible for Editor in 69.60 ms, found 1 plugins.
Preloading 0 native plugins for Editor in 0.00 ms.
Initialize engine version: 2020.3.8f1 (507919d4fff5)
[Subsystems] Discovering subsystems at path C:/Program Files/Unity/Hub/Editor/2020.3.8f1/Editor/Data/Resources/UnitySubsystems
[Subsystems] Discovering subsystems at path C:/Users/Jack Rayder/Desktop/CardGame/CardGame/Assets
GfxDevice: creating device client; threaded=0
Direct3D:
    Version:  Direct3D 11.0 [level 11.1]
    Renderer: NVIDIA GeForce GTX 1050 Ti (ID=0x1c82)
    Vendor:   
    VRAM:     4018 MB
    Driver:   27.21.14.6647
Initialize mono
Mono path[0] = 'C:/Program Files/Unity/Hub/Editor/2020.3.8f1/Editor/Data/Managed'
Mono path[1] = 'C:/Program Files/Unity/Hub/Editor/2020.3.8f1/Editor/Data/MonoBleedingEdge/lib/mono/unityjit'
Mono config path = 'C:/Program Files/Unity/Hub/Editor/2020.3.8f1/Editor/Data/MonoBleedingEdge/etc'
Using monoOptions --debugger-agent=transport=dt_socket,embedding=1,server=y,suspend=n,address=127.0.0.1:56060
Begin MonoManager ReloadAssembly
Registering precompiled unity dll's ...
Register platform support module: C:/Program Files/Unity/Hub/Editor/2020.3.8f1/Editor/Data/PlaybackEngines/WindowsStandaloneSupport/UnityEditor.WindowsStandalone.Extensions.dll
Registered in 0.001689 seconds.
Native extension for WindowsStandalone target not found
Refreshing native plugins compatible for Editor in 52.19 ms, found 1 plugins.
Preloading 0 native plugins for Editor in 0.00 ms.
Mono: successfully reloaded assembly
- Completed reload, in  2.484 seconds
Platform modules already initialized, skipping
Registering precompiled user dll's ...
Registered in 0.002225 seconds.
Begin MonoManager ReloadAssembly
Native extension for WindowsStandalone target not found
Refreshing native plugins compatible for Editor in 47.85 ms, found 1 plugins.
Preloading 0 native plugins for Editor in 0.00 ms.
Mono: successfully reloaded assembly
- Completed reload, in  1.250 seconds
Platform modules already initialized, skipping
========================================================================
Worker process is ready to serve import requests
Launched and connected shader compiler UnityShaderCompiler.exe after 0.05 seconds
Refreshing native plugins compatible for Editor in 0.54 ms, found 1 plugins.
Preloading 0 native plugins for Editor in 0.00 ms.
Unloading 1825 Unused Serialized files (Serialized files now loaded: 0)
System memory in use before: 85.7 MB.
System memory in use after: 85.6 MB.

Unloading 26 unused Assets to reduce memory usage. Loaded Objects now: 2271.
Total: 2.469000 ms (FindLiveObjects: 0.219700 ms CreateObjectMapping: 0.084100 ms MarkObjects: 2.013900 ms  DeleteObjects: 0.150100 ms)

========================================================================
Received Import Request.
  path: Assets/Resources/CardsSO/96.asset
  artifactKey: Guid(54592bb918261424fa90f89dbc5a8fb4) Importer(815301076,1909f56bfc062723c751e8b465ee728b)
Start importing Assets/Resources/CardsSO/96.asset using Guid(54592bb918261424fa90f89dbc5a8fb4) Importer(815301076,1909f56bfc062723c751e8b465ee728b)  -> (artifact id: '80f512078a9e89a55c4c6ccf2e2e4559') in 0.039331 seconds
  Import took 0.056631 seconds .

========================================================================
Received Import Request.
  Time since last request: 0.000332 seconds.
  path: Assets/Resources/CardsSO/98.asset
  artifactKey: Guid(4e05a6ec16f369b48b2a6e394bab3de1) Importer(815301076,1909f56bfc062723c751e8b465ee728b)
Start importing Assets/Resources/CardsSO/98.asset using Guid(4e05a6ec16f369b48b2a6e394bab3de1) Importer(815301076,1909f56bfc062723c751e8b465ee728b)  -> (artifact id: '0a9973ff9af3e486296edeb11b1930a4') in 0.010529 seconds
  Import took 0.015220 seconds .

========================================================================
Received Import Request.
  Time since last request: 0.000244 seconds.
  path: Assets/Resources/CardsSO/94.asset
  artifactKey: Guid(135c791e8d94fb34ea98998131b35b29) Importer(815301076,1909f56bfc062723c751e8b465ee728b)
Start importing Assets/Resources/CardsSO/94.asset using Guid(135c791e8d94fb34ea98998131b35b29) Importer(815301076,1909f56bfc062723c751e8b465ee728b)  -> (artifact id: 'f9b66731b19a4cba8fcc4b9e988f127a') in 0.016495 seconds
  Import took 0.022534 seconds .

========================================================================
Received Import Request.
  Time since last request: 0.000517 seconds.
  path: Assets/Resources/CardsSO/93.asset
  artifactKey: Guid(05ad2eb5dd160084abebd95011c902fa) Importer(815301076,1909f56bfc062723c751e8b465ee728b)
Start importing Assets/Resources/CardsSO/93.asset using Guid(05ad2eb5dd160084abebd95011c902fa) Importer(815301076,1909f56bfc062723c751e8b465ee728b)  -> (artifact id: '4154788248ac2a94b296b23ce3c6d5f2') in 0.015317 seconds
  Import took 0.019658 seconds .

========================================================================
Received Import Request.
  Time since last request: 0.000238 seconds.
  path: Assets/Resources/CardsSO/103.asset
  artifactKey: Guid(9665ea08b1004c04fbac8b41744f48f5) Importer(815301076,1909f56bfc062723c751e8b465ee728b)
Start importing Assets/Resources/CardsSO/103.asset using Guid(9665ea08b1004c04fbac8b41744f48f5) Importer(815301076,1909f56bfc062723c751e8b465ee728b)  -> (artifact id: 'd5d88b3b33201ec57744eafc983cf2c6') in 0.011809 seconds
  Import took 0.023798 seconds .

========================================================================
Received Import Request.
  Time since last request: 0.000239 seconds.
  path: Assets/Resources/CardsSO/90.asset
  artifactKey: Guid(6143729b9cdf91b4fb7abb670d0650bc) Importer(815301076,1909f56bfc062723c751e8b465ee728b)
Start importing Assets/Resources/CardsSO/90.asset using Guid(6143729b9cdf91b4fb7abb670d0650bc) Importer(815301076,1909f56bfc062723c751e8b465ee728b)  -> (artifact id: 'dfb60c67393581b3ef5bffc8cecbe3f7') in 0.013573 seconds
  Import took 0.018644 seconds .

========================================================================
Received Import Request.
  Time since last request: 0.000251 seconds.
  path: Assets/Resources/CardsSO/102.asset
  artifactKey: Guid(35643b8371d0ec549912f7f16e9d9643) Importer(815301076,1909f56bfc062723c751e8b465ee728b)
Start importing Assets/Resources/CardsSO/102.asset using Guid(35643b8371d0ec549912f7f16e9d9643) Importer(815301076,1909f56bfc062723c751e8b465ee728b)  -> (artifact id: 'a145f952848febeb92030bcae4aedaa2') in 0.010567 seconds
  Import took 0.016965 seconds .

========================================================================
Received Import Request.
  Time since last request: 0.000147 seconds.
  path: Assets/Resources/CardsSO/87.asset
  artifactKey: Guid(abe3737efd7c67d41bf21f33c9e8f010) Importer(815301076,1909f56bfc062723c751e8b465ee728b)
Start importing Assets/Resources/CardsSO/87.asset using Guid(abe3737efd7c67d41bf21f33c9e8f010) Importer(815301076,1909f56bfc062723c751e8b465ee728b)  -> (artifact id: 'a86764114a8ad07e218114136ab765e3') in 0.012477 seconds
  Import took 0.018942 seconds .

========================================================================
Received Import Request.
  Time since last request: 0.000224 seconds.
  path: Assets/Resources/CardsSO/100.asset
  artifactKey: Guid(897a0b4396cd4d341babd55dc266723a) Importer(815301076,1909f56bfc062723c751e8b465ee728b)
Start importing Assets/Resources/CardsSO/100.asset using Guid(897a0b4396cd4d341babd55dc266723a) Importer(815301076,1909f56bfc062723c751e8b465ee728b)  -> (artifact id: '2cd2397e70a8389f45f3b9db8162cd5d') in 0.015128 seconds
  Import took 0.020164 seconds .

========================================================================
Received Import Request.
  Time since last request: 0.000275 seconds.
  path: Assets/Resources/CardsSO/99.asset
  artifactKey: Guid(f8b1c686ffebc8b4198dc3c36863b24b) Importer(815301076,1909f56bfc062723c751e8b465ee728b)
Start importing Assets/Resources/CardsSO/99.asset using Guid(f8b1c686ffebc8b4198dc3c36863b24b) Importer(815301076,1909f56bfc062723c751e8b465ee728b)  -> (artifact id: '00f305863b17ef90a7924d0d23c390a5') in 0.010459 seconds
  Import took 0.015182 seconds .

========================================================================
Received Import Request.
  Time since last request: 0.000054 seconds.
  path: Assets/Resources/CardsSO/95.asset
  artifactKey: Guid(8295c11288f944740b33ed82f8edfb11) Importer(815301076,1909f56bfc062723c751e8b465ee728b)
Start importing Assets/Resources/CardsSO/95.asset using Guid(8295c11288f944740b33ed82f8edfb11) Importer(815301076,1909f56bfc062723c751e8b465ee728b)  -> (artifact id: '316155fab547e55bd4600f4615f47a9e') in 0.015387 seconds
  Import took 0.020020 seconds .

========================================================================
Received Import Request.
  Time since last request: 0.000294 seconds.
  path: Assets/Resources/CardsSO/92.asset
  artifactKey: Guid(3d097a5c270fdcb49ac761ea6b1d310a) Importer(815301076,1909f56bfc062723c751e8b465ee728b)
Start importing Assets/Resources/CardsSO/92.asset using Guid(3d097a5c270fdcb49ac761ea6b1d310a) Importer(815301076,1909f56bfc062723c751e8b465ee728b)  -> (artifact id: '90fefb26f799abfb360cedddf1b7caf9') in 0.012160 seconds
  Import took 0.016942 seconds .

========================================================================
Received Import Request.
  Time since last request: 0.000311 seconds.
  path: Assets/Resources/CardsSO/88.asset
  artifactKey: Guid(f9452e455d2d1ce4481f914683e295c3) Importer(815301076,1909f56bfc062723c751e8b465ee728b)
Start importing Assets/Resources/CardsSO/88.asset using Guid(f9452e455d2d1ce4481f914683e295c3) Importer(815301076,1909f56bfc062723c751e8b465ee728b)  -> (artifact id: '86915bd913779813410e4166fca2c6e3') in 0.012308 seconds
  Import took 0.017678 seconds .

========================================================================
Received Import Request.
  Time since last request: 0.000218 seconds.
  path: Assets/Resources/CardsSO/91.asset
  artifactKey: Guid(aeadcad58ba92af47846b0d88ec0c6b5) Importer(815301076,1909f56bfc062723c751e8b465ee728b)
Start importing Assets/Resources/CardsSO/91.asset using Guid(aeadcad58ba92af47846b0d88ec0c6b5) Importer(815301076,1909f56bfc062723c751e8b465ee728b)  -> (artifact id: '7d331aa59bf0b380cf7861219ac67907') in 0.030834 seconds
  Import took 0.036256 seconds .

========================================================================
Received Import Request.
  Time since last request: 0.000205 seconds.
  path: Assets/Resources/CardsSO/101.asset
  artifactKey: Guid(e8cd0659f0d2b884eb0090a8b09f87e3) Importer(815301076,1909f56bfc062723c751e8b465ee728b)
Start importing Assets/Resources/CardsSO/101.asset using Guid(e8cd0659f0d2b884eb0090a8b09f87e3) Importer(815301076,1909f56bfc062723c751e8b465ee728b)  -> (artifact id: '68b8c1e235685258f97dcc72f452e4c0') in 0.016243 seconds
  Import took 0.020641 seconds .

========================================================================
Received Import Request.
  Time since last request: 0.000222 seconds.
  path: Assets/Resources/CardsSO/86.asset
  artifactKey: Guid(db92c663587b74a4183af5ae9e78b426) Importer(815301076,1909f56bfc062723c751e8b465ee728b)
Start importing Assets/Resources/CardsSO/86.asset using Guid(db92c663587b74a4183af5ae9e78b426) Importer(815301076,1909f56bfc062723c751e8b465ee728b)  -> (artifact id: '1046768534d3e8014d14ff31b8bcb57f') in 0.012328 seconds
  Import took 0.016892 seconds .

========================================================================
Received Import Request.
  Time since last request: 0.000207 seconds.
  path: Assets/Resources/CardsSO/85.asset
  artifactKey: Guid(4164cd12cee868d41806562ed2caf15e) Importer(815301076,1909f56bfc062723c751e8b465ee728b)
Start importing Assets/Resources/CardsSO/85.asset using Guid(4164cd12cee868d41806562ed2caf15e) Importer(815301076,1909f56bfc062723c751e8b465ee728b)  -> (artifact id: 'c16f6f74c6797c9eeadbc8e13d2189b5') in 0.013855 seconds
  Import took 0.018351 seconds .

========================================================================
Received Import Request.
  Time since last request: 0.000196 seconds.
  path: Assets/Resources/CardsSO/97.asset
  artifactKey: Guid(749c5e0defbcb8046bc9a8f4f6da1a56) Importer(815301076,1909f56bfc062723c751e8b465ee728b)
Start importing Assets/Resources/CardsSO/97.asset using Guid(749c5e0defbcb8046bc9a8f4f6da1a56) Importer(815301076,1909f56bfc062723c751e8b465ee728b)  -> (artifact id: '8438fc81d7b3fea64935c127a05dac93') in 0.013431 seconds
  Import took 0.017882 seconds .

========================================================================
Received Import Request.
  Time since last request: 0.000189 seconds.
  path: Assets/Resources/CardsSO/89.asset
  artifactKey: Guid(8138cb9d9e67e814281e2e88fc799fad) Importer(815301076,1909f56bfc062723c751e8b465ee728b)
Start importing Assets/Resources/CardsSO/89.asset using Guid(8138cb9d9e67e814281e2e88fc799fad) Importer(815301076,1909f56bfc062723c751e8b465ee728b)  -> (artifact id: 'f60e2941a4a6420f39bb66f0d0f11655') in 0.011002 seconds
  Import took 0.015239 seconds .

========================================================================
Received Import Request.
  Time since last request: 3208.657133 seconds.
  path: Assets/Prefabs/Card.prefab
  artifactKey: Guid(c329a712ed59fa04e992194fae6b9d7b) Importer(815301076,1909f56bfc062723c751e8b465ee728b)
Start importing Assets/Prefabs/Card.prefab using Guid(c329a712ed59fa04e992194fae6b9d7b) Importer(815301076,1909f56bfc062723c751e8b465ee728b)  -> (artifact id: '49f7a687b546cf1ba1c6c3631610d24d') in 0.134768 seconds
  Import took 0.187688 seconds .

========================================================================
Received Import Request.
  Time since last request: 5.385011 seconds.
  path: Assets/Scripts/CardManager.cs
  artifactKey: Guid(0833ec5a5553b554091d0408a482ac64) Importer(815301076,1909f56bfc062723c751e8b465ee728b)
Start importing Assets/Scripts/CardManager.cs using Guid(0833ec5a5553b554091d0408a482ac64) Importer(815301076,1909f56bfc062723c751e8b465ee728b)  -> (artifact id: '7f1bb5bad82faa658b58f798485f3bcf') in 0.017068 seconds
  Import took 0.024416 seconds .

========================================================================
Received Import Request.
  Time since last request: 0.001816 seconds.
  path: Assets/Scripts/CardManager.cs
  artifactKey: Guid(0833ec5a5553b554091d0408a482ac64) Importer(815301076,1909f56bfc062723c751e8b465ee728b)
Start importing Assets/Scripts/CardManager.cs using Guid(0833ec5a5553b554091d0408a482ac64) Importer(815301076,1909f56bfc062723c751e8b465ee728b)  -> (artifact id: '7f1bb5bad82faa658b58f798485f3bcf') in 0.006729 seconds
  Import took 0.011012 seconds .

========================================================================
Received Import Request.
  Time since last request: 40.472349 seconds.
  path: Assets/Scripts/CardManager.cs
  artifactKey: Guid(0833ec5a5553b554091d0408a482ac64) Importer(815301076,1909f56bfc062723c751e8b465ee728b)
Start importing Assets/Scripts/CardManager.cs using Guid(0833ec5a5553b554091d0408a482ac64) Importer(815301076,1909f56bfc062723c751e8b465ee728b)  -> (artifact id: '1486108ab81dc36006f6c54fe4ed4b42') in 0.015832 seconds
  Import took 0.020051 seconds .

========================================================================
Received Import Request.
  Time since last request: 10.529966 seconds.
  path: Assets/Scripts/CardManager.cs
  artifactKey: Guid(0833ec5a5553b554091d0408a482ac64) Importer(815301076,1909f56bfc062723c751e8b465ee728b)
Start importing Assets/Scripts/CardManager.cs using Guid(0833ec5a5553b554091d0408a482ac64) Importer(815301076,1909f56bfc062723c751e8b465ee728b)  -> (artifact id: 'b9c6ac9f0a5575c77683d1f7716becb3') in 0.014866 seconds
  Import took 0.022750 seconds .

========================================================================
Received Prepare
Registering precompiled user dll's ...
Registered in 0.002150 seconds.
Begin MonoManager ReloadAssembly
Native extension for WindowsStandalone target not found
Refreshing native plugins compatible for Editor in 0.97 ms, found 1 plugins.
Preloading 0 native plugins for Editor in 0.00 ms.
Mono: successfully reloaded assembly
- Completed reload, in  1.551 seconds
Platform modules already initialized, skipping
Refreshing native plugins compatible for Editor in 0.75 ms, found 1 plugins.
Preloading 0 native plugins for Editor in 0.00 ms.
Unloading 1820 Unused Serialized files (Serialized files now loaded: 0)
System memory in use before: 85.7 MB.
System memory in use after: 85.7 MB.

Unloading 14 unused Assets to reduce memory usage. Loaded Objects now: 2275.
Total: 2.521700 ms (FindLiveObjects: 0.235800 ms CreateObjectMapping: 0.109900 ms MarkObjects: 2.000000 ms  DeleteObjects: 0.174800 ms)

========================================================================
Received Prepare
Registering precompiled user dll's ...
Registered in 0.003690 seconds.
Begin MonoManager ReloadAssembly
Native extension for WindowsStandalone target not found
Refreshing native plugins compatible for Editor in 0.61 ms, found 1 plugins.
Preloading 0 native plugins for Editor in 0.00 ms.
Mono: successfully reloaded assembly
- Completed reload, in  1.189 seconds
Platform modules already initialized, skipping
Refreshing native plugins compatible for Editor in 0.49 ms, found 1 plugins.
Preloading 0 native plugins for Editor in 0.00 ms.
Unloading 1820 Unused Serialized files (Serialized files now loaded: 0)
System memory in use before: 85.7 MB.
System memory in use after: 85.7 MB.

Unloading 14 unused Assets to reduce memory usage. Loaded Objects now: 2279.
Total: 3.469300 ms (FindLiveObjects: 0.290000 ms CreateObjectMapping: 0.193800 ms MarkObjects: 2.798600 ms  DeleteObjects: 0.185400 ms)

========================================================================
Received Prepare
Registering precompiled user dll's ...
Registered in 0.003372 seconds.
Begin MonoManager ReloadAssembly
Native extension for WindowsStandalone target not found
Refreshing native plugins compatible for Editor in 0.47 ms, found 1 plugins.
Preloading 0 native plugins for Editor in 0.00 ms.
Mono: successfully reloaded assembly
- Completed reload, in  2.100 seconds
Platform modules already initialized, skipping
Refreshing native plugins compatible for Editor in 1.88 ms, found 1 plugins.
Preloading 0 native plugins for Editor in 0.00 ms.
Unloading 1820 Unused Serialized files (Serialized files now loaded: 0)
System memory in use before: 85.7 MB.
System memory in use after: 85.7 MB.

Unloading 14 unused Assets to reduce memory usage. Loaded Objects now: 2283.
Total: 15.386700 ms (FindLiveObjects: 0.975500 ms CreateObjectMapping: 1.519600 ms MarkObjects: 12.508800 ms  DeleteObjects: 0.380400 ms)

========================================================================
Received Prepare
Registering precompiled user dll's ...
Registered in 0.001985 seconds.
Begin MonoManager ReloadAssembly
Native extension for WindowsStandalone target not found
Refreshing native plugins compatible for Editor in 0.56 ms, found 1 plugins.
Preloading 0 native plugins for Editor in 0.00 ms.
Mono: successfully reloaded assembly
- Completed reload, in  1.290 seconds
Platform modules already initialized, skipping
Refreshing native plugins compatible for Editor in 0.45 ms, found 1 plugins.
Preloading 0 native plugins for Editor in 0.00 ms.
Unloading 1820 Unused Serialized files (Serialized files now loaded: 0)
System memory in use before: 85.8 MB.
System memory in use after: 85.8 MB.

Unloading 14 unused Assets to reduce memory usage. Loaded Objects now: 2287.
Total: 2.999300 ms (FindLiveObjects: 0.324300 ms CreateObjectMapping: 0.142500 ms MarkObjects: 2.002100 ms  DeleteObjects: 0.529200 ms)

========================================================================
Received Prepare
Registering precompiled user dll's ...
Registered in 0.002277 seconds.
Begin MonoManager ReloadAssembly
Native extension for WindowsStandalone target not found
Refreshing native plugins compatible for Editor in 0.46 ms, found 1 plugins.
Preloading 0 native plugins for Editor in 0.00 ms.
Mono: successfully reloaded assembly
- Completed reload, in  1.208 seconds
Platform modules already initialized, skipping
Refreshing native plugins compatible for Editor in 0.62 ms, found 1 plugins.
Preloading 0 native plugins for Editor in 0.00 ms.
Unloading 1820 Unused Serialized files (Serialized files now loaded: 0)
System memory in use before: 85.8 MB.
System memory in use after: 85.8 MB.

Unloading 14 unused Assets to reduce memory usage. Loaded Objects now: 2291.
Total: 3.756600 ms (FindLiveObjects: 1.026200 ms CreateObjectMapping: 0.190800 ms MarkObjects: 2.392500 ms  DeleteObjects: 0.145500 ms)

========================================================================
Received Prepare
Registering precompiled user dll's ...
Registered in 0.001827 seconds.
Begin MonoManager ReloadAssembly
Native extension for WindowsStandalone target not found
Refreshing native plugins compatible for Editor in 0.46 ms, found 1 plugins.
Preloading 0 native plugins for Editor in 0.00 ms.
Mono: successfully reloaded assembly
- Completed reload, in  1.068 seconds
Platform modules already initialized, skipping
Refreshing native plugins compatible for Editor in 0.46 ms, found 1 plugins.
Preloading 0 native plugins for Editor in 0.00 ms.
Unloading 1820 Unused Serialized files (Serialized files now loaded: 0)
System memory in use before: 85.8 MB.
System memory in use after: 85.8 MB.

Unloading 14 unused Assets to reduce memory usage. Loaded Objects now: 2295.
Total: 2.361700 ms (FindLiveObjects: 0.234300 ms CreateObjectMapping: 0.078800 ms MarkObjects: 1.917600 ms  DeleteObjects: 0.129900 ms)

========================================================================
Received Prepare
Registering precompiled user dll's ...
Registered in 0.002186 seconds.
Begin MonoManager ReloadAssembly
Native extension for WindowsStandalone target not found
Refreshing native plugins compatible for Editor in 0.45 ms, found 1 plugins.
Preloading 0 native plugins for Editor in 0.00 ms.
Mono: successfully reloaded assembly
- Completed reload, in  1.127 seconds
Platform modules already initialized, skipping
Refreshing native plugins compatible for Editor in 0.47 ms, found 1 plugins.
Preloading 0 native plugins for Editor in 0.00 ms.
Unloading 1820 Unused Serialized files (Serialized files now loaded: 0)
System memory in use before: 85.8 MB.
System memory in use after: 85.8 MB.

Unloading 14 unused Assets to reduce memory usage. Loaded Objects now: 2299.
Total: 2.390300 ms (FindLiveObjects: 0.191200 ms CreateObjectMapping: 0.078400 ms MarkObjects: 1.926200 ms  DeleteObjects: 0.193600 ms)

========================================================================
Received Prepare
Registering precompiled user dll's ...
Registered in 0.001858 seconds.
Begin MonoManager ReloadAssembly
Native extension for WindowsStandalone target not found
Refreshing native plugins compatible for Editor in 0.50 ms, found 1 plugins.
Preloading 0 native plugins for Editor in 0.00 ms.
Mono: successfully reloaded assembly
- Completed reload, in  1.181 seconds
Platform modules already initialized, skipping
Refreshing native plugins compatible for Editor in 0.49 ms, found 1 plugins.
Preloading 0 native plugins for Editor in 0.00 ms.
Unloading 1820 Unused Serialized files (Serialized files now loaded: 0)
System memory in use before: 85.8 MB.
System memory in use after: 85.8 MB.

Unloading 14 unused Assets to reduce memory usage. Loaded Objects now: 2303.
Total: 2.657400 ms (FindLiveObjects: 0.199100 ms CreateObjectMapping: 0.079200 ms MarkObjects: 2.229800 ms  DeleteObjects: 0.148000 ms)

========================================================================
Received Prepare
Registering precompiled user dll's ...
Registered in 0.001893 seconds.
Begin MonoManager ReloadAssembly
Native extension for WindowsStandalone target not found
Refreshing native plugins compatible for Editor in 0.47 ms, found 1 plugins.
Preloading 0 native plugins for Editor in 0.00 ms.
Mono: successfully reloaded assembly
- Completed reload, in  1.314 seconds
Platform modules already initialized, skipping
Refreshing native plugins compatible for Editor in 0.70 ms, found 1 plugins.
Preloading 0 native plugins for Editor in 0.00 ms.
Unloading 1820 Unused Serialized files (Serialized files now loaded: 0)
System memory in use before: 85.8 MB.
System memory in use after: 85.8 MB.

Unloading 14 unused Assets to reduce memory usage. Loaded Objects now: 2307.
Total: 3.187300 ms (FindLiveObjects: 0.612200 ms CreateObjectMapping: 0.108500 ms MarkObjects: 2.257500 ms  DeleteObjects: 0.207900 ms)

========================================================================
Received Prepare
Registering precompiled user dll's ...
Registered in 0.002250 seconds.
Begin MonoManager ReloadAssembly
Native extension for WindowsStandalone target not found
Refreshing native plugins compatible for Editor in 0.48 ms, found 1 plugins.
Preloading 0 native plugins for Editor in 0.00 ms.
Mono: successfully reloaded assembly
- Completed reload, in  1.204 seconds
Platform modules already initialized, skipping
Refreshing native plugins compatible for Editor in 0.49 ms, found 1 plugins.
Preloading 0 native plugins for Editor in 0.00 ms.
Unloading 1820 Unused Serialized files (Serialized files now loaded: 0)
System memory in use before: 85.8 MB.
System memory in use after: 85.8 MB.

Unloading 14 unused Assets to reduce memory usage. Loaded Objects now: 2311.
Total: 2.658200 ms (FindLiveObjects: 0.225800 ms CreateObjectMapping: 0.134900 ms MarkObjects: 2.140900 ms  DeleteObjects: 0.155700 ms)

AssetImportWorkerClient::OnTransportError - code=2 error=End of file
